<?xml version="1.0" encoding="UTF-8"?>
<!-- Generated by org.testng.reporters.JUnitReportReporter -->
<testsuite hostname="Rahul-Unison" failures="0" tests="3" name="TestCases.DashboardPageTest" time="18.647" errors="0" timestamp="2022-06-08T15:22:29 IST" skipped="2">
  <testcase classname="TestCases.DashboardPageTest" name="varifyEmailTest" time="18.647"/>
  <system-out/>
  <testcase classname="TestCases.DashboardPageTest" name="varifyUsernameTest">
    <skipped/>
  </testcase> <!-- varifyUsernameTest -->
  <system-out/>
  <testcase classname="TestCases.DashboardPageTest" name="placeGTTOrderTest">
    <skipped/>
  </testcase> <!-- placeGTTOrderTest -->
  <system-out/>
</testsuite> <!-- TestCases.DashboardPageTest -->
