<?xml version="1.0" encoding="UTF-8"?>
<!-- Generated by org.testng.reporters.JUnitReportReporter -->
<testsuite hostname="Rahul-Unison" failures="0" tests="4" name="TestCases.LoginPageTest" time="14.957" errors="0" timestamp="2022-06-08T13:38:49 IST" skipped="3">
  <testcase classname="TestCases.LoginPageTest" name="logInToApptest" time="14.957"/>
  <system-out/>
  <testcase classname="TestCases.LoginPageTest" name="verifykiteLogoTest">
    <skipped/>
  </testcase> <!-- verifykiteLogoTest -->
  <system-out/>
  <testcase classname="TestCases.LoginPageTest" name="verifyzerodhaTest">
    <skipped/>
  </testcase> <!-- verifyzerodhaTest -->
  <system-out/>
  <testcase classname="TestCases.LoginPageTest" name="varifyTitleTest">
    <skipped/>
  </testcase> <!-- varifyTitleTest -->
  <system-out/>
</testsuite> <!-- TestCases.LoginPageTest -->
